<?xml version="1.0" encoding="UTF-8"?>
<testng-results skipped="0" failed="0" total="1" passed="1">
  <reporter-output>
  </reporter-output>
  <suite name="Command line suite" duration-ms="658" started-at="2013-05-30T15:20:42Z" finished-at="2013-05-30T15:20:43Z">
    <groups>
    </groups>
    <test name="Command line test" duration-ms="658" started-at="2013-05-30T15:20:42Z" finished-at="2013-05-30T15:20:43Z">
      <class name="com.hsenidmobile.recruitment.dao.ApplicantDaoTest">
        <test-method status="PASS" signature="springTestContextBeforeTestClass()[pri:0, instance:com.hsenidmobile.recruitment.dao.ApplicantDaoTest@38b5dac4]" name="springTestContextBeforeTestClass" is-config="true" duration-ms="9" started-at="2013-05-30T15:20:42Z" finished-at="2013-05-30T15:20:42Z">
        </test-method>
        <test-method status="PASS" signature="springTestContextPrepareTestInstance()[pri:0, instance:com.hsenidmobile.recruitment.dao.ApplicantDaoTest@38b5dac4]" name="springTestContextPrepareTestInstance" is-config="true" duration-ms="566" started-at="2013-05-30T15:20:42Z" depends-on-methods="org.springframework.test.context.testng.AbstractTestNGSpringContextTests.springTestContextBeforeTestClass" finished-at="2013-05-30T15:20:43Z">
        </test-method>
        <test-method status="PASS" signature="springTestContextBeforeTestMethod(java.lang.reflect.Method)[pri:0, instance:com.hsenidmobile.recruitment.dao.ApplicantDaoTest@38b5dac4]" name="springTestContextBeforeTestMethod" is-config="true" duration-ms="1" started-at="2013-05-30T15:20:43Z" finished-at="2013-05-30T15:20:43Z">
          <params>
            <param index="0">
              <value>
                <![CDATA[public void com.hsenidmobile.recruitment.dao.ApplicantDaoTest.testCreateApplicant()]]>
              </value>
            </param>
          </params>
        </test-method>
        <test-method status="PASS" signature="testCreateApplicant()[pri:0, instance:com.hsenidmobile.recruitment.dao.ApplicantDaoTest@38b5dac4]" name="testCreateApplicant" duration-ms="71" started-at="2013-05-30T15:20:43Z" finished-at="2013-05-30T15:20:43Z">
        </test-method>
        <test-method status="PASS" signature="springTestContextAfterTestMethod(java.lang.reflect.Method)[pri:0, instance:com.hsenidmobile.recruitment.dao.ApplicantDaoTest@38b5dac4]" name="springTestContextAfterTestMethod" is-config="true" duration-ms="1" started-at="2013-05-30T15:20:43Z" finished-at="2013-05-30T15:20:43Z">
          <params>
            <param index="0">
              <value>
                <![CDATA[public void com.hsenidmobile.recruitment.dao.ApplicantDaoTest.testCreateApplicant()]]>
              </value>
            </param>
          </params>
        </test-method>
        <test-method status="PASS" signature="springTestContextAfterTestClass()[pri:0, instance:com.hsenidmobile.recruitment.dao.ApplicantDaoTest@38b5dac4]" name="springTestContextAfterTestClass" is-config="true" duration-ms="1" started-at="2013-05-30T15:20:43Z" finished-at="2013-05-30T15:20:43Z">
        </test-method>
      </class>
    </test>
  </suite>
</testng-results>
